<?xml version="1.0" encoding="UTF-8"?>
<testsuite xmlns:xsi="http://www.w3.org/2001/XMLSchema-instance" xsi:noNamespaceSchemaLocation="https://maven.apache.org/surefire/maven-surefire-plugin/xsd/surefire-test-report.xsd" version="3.0.2" name="com.Ecommerce.Order.service.OrderServiceTest" time="1.746" tests="9" errors="0" skipped="0" failures="0" flakes="0">
  <properties>
[...]
</properties>
  <testcase name="confirmOrder_OrderNotFound" classname="confirmOrder() - Confirm order after payment" time="1.473">
    <system-out><![CDATA[14:58:37.977 [main] INFO com.Ecommerce.Order.service.OrderService -- Confirming order with id: 7bde5458-77f8-4d7c-be3a-90cffb801d01
]]></system-out>
    <system-err><![CDATA[Mockito is currently self-attaching to enable the inline-mock-maker. This will no longer work in future releases of the JDK. Please add Mockito as an agent to your build as described in Mockito's documentation: https://javadoc.io/doc/org.mockito/mockito-core/latest/org.mockito/org/mockito/Mockito.html#0.3
WARNING: A Java agent has been loaded dynamically (C:\Users\angel\.m2\repository\net\bytebuddy\byte-buddy-agent\1.17.8\byte-buddy-agent-1.17.8.jar)
WARNING: If a serviceability tool is in use, please run with -XX:+EnableDynamicAgentLoading to hide this warning
WARNING: If a serviceability tool is not in use, please run with -Djdk.instrument.traceUsage for more information
WARNING: Dynamic loading of agents will be disallowed by default in a future release
]]></system-err>
  </testcase>
  <testcase name="confirmOrder_AlreadyConfirmed" classname="confirmOrder() - Confirm order after payment" time="0.02">
    <system-out><![CDATA[14:58:38.058 [main] INFO com.Ecommerce.Order.service.OrderService -- Confirming order with id: 16510c31-fd4c-4114-bc5d-bf24a1013988
14:58:38.059 [main] WARN com.Ecommerce.Order.service.OrderService -- Order 1a706eb0-8b99-4263-8aa0-06bd6277abcc is not in PENDING_PAYMENT status. Current status: CONFIRMED
]]></system-out>
  </testcase>
  <testcase name="confirmOrder_CorrectKafkaEvent" classname="confirmOrder() - Confirm order after payment" time="0.022">
    <system-out><![CDATA[14:58:38.070 [main] INFO com.Ecommerce.Order.service.OrderService -- Confirming order with id: d98a5238-be90-45a0-a21a-e5b9ce99a763
14:58:38.070 [main] INFO com.Ecommerce.Order.service.OrderService -- Order d98a5238-be90-45a0-a21a-e5b9ce99a763 confirmed successfully. Sending event to catalog for stock deduction.
14:58:38.073 [main] INFO com.Ecommerce.Order.service.OrderService -- Stock deduction event sent for order: d98a5238-be90-45a0-a21a-e5b9ce99a763
]]></system-out>
  </testcase>
  <testcase name="confirmOrder_Success" classname="confirmOrder() - Confirm order after payment" time="0.012">
    <system-out><![CDATA[14:58:38.094 [main] INFO com.Ecommerce.Order.service.OrderService -- Confirming order with id: 36d46e4d-9b76-4586-a1cd-6c67d95245ef
14:58:38.094 [main] INFO com.Ecommerce.Order.service.OrderService -- Order 36d46e4d-9b76-4586-a1cd-6c67d95245ef confirmed successfully. Sending event to catalog for stock deduction.
14:58:38.094 [main] INFO com.Ecommerce.Order.service.OrderService -- Stock deduction event sent for order: 36d46e4d-9b76-4586-a1cd-6c67d95245ef
]]></system-out>
  </testcase>
  <testcase name="getOrderById_NotFound" classname="getOrderById() - Find order by ID" time="0.01">
    <system-out><![CDATA[14:58:38.122 [main] INFO com.Ecommerce.Order.service.OrderService -- Finding order by id: 22d74392-fe03-476a-80b5-7c1d8a7a6d93
]]></system-out>
  </testcase>
  <testcase name="getOrderById_Found" classname="getOrderById() - Find order by ID" time="0.024">
    <system-out><![CDATA[14:58:38.132 [main] INFO com.Ecommerce.Order.service.OrderService -- Finding order by id: d32791e9-6bd0-43fe-8d07-ce1681c9f646
]]></system-out>
  </testcase>
  <testcase name="findOrdersByClientId_Empty" classname="findOrdersByClientId() - Find orders by client with pagination" time="0.031">
    <system-out><![CDATA[14:58:38.187 [main] INFO com.Ecommerce.Order.service.OrderService -- Finding orders for client: fe83218a-6eca-464b-9dfc-c582e36bda3a - page: 0, size: 10
]]></system-out>
  </testcase>
  <testcase name="findOrdersByClientId_Success" classname="findOrdersByClientId() - Find orders by client with pagination" time="0.036">
    <system-out><![CDATA[14:58:38.229 [main] INFO com.Ecommerce.Order.service.OrderService -- Finding orders for client: 3664de3a-41fa-4a82-ae9b-043e24ba3b1a - page: 0, size: 10
]]></system-out>
  </testcase>
  <testcase name="createOrder_Success" classname="createOrder() - Create a new order" time="0.021">
    <system-out><![CDATA[14:58:38.263 [main] INFO com.Ecommerce.Order.service.OrderService -- Creating order for client: 0291d956-c760-4645-8a73-e2af397a2a85
14:58:38.266 [main] INFO com.Ecommerce.Order.service.OrderService -- Order created successfully with id: 030ebbd4-3067-4120-827a-b9e3225653e8
]]></system-out>
  </testcase>
</testsuite>